<?xml version="1.0" encoding="UTF-8"?>
<coverage generated="1682926559077" clover="3.2.0">
  <project timestamp="1682926559078" name="All files">
    <metrics statements="20" coveredstatements="18" conditionals="2" coveredconditionals="2" methods="9" coveredmethods="8" elements="31" coveredelements="28" complexity="0" loc="20" ncloc="20" packages="2" files="3" classes="3"/>
    <package name="components.Input">
      <metrics statements="20" coveredstatements="18" conditionals="2" coveredconditionals="2" methods="9" coveredmethods="8"/>
      <file name="index.tsx" path="/Users/lucascavalcante/Desktop/dev/marvelTeste/src/components/Input/index.tsx">
        <metrics statements="10" coveredstatements="8" conditionals="0" coveredconditionals="0" methods="3" coveredmethods="2"/>
        <line num="18" count="1" type="stmt"/>
        <line num="25" count="2" type="stmt"/>
        <line num="27" count="2" type="stmt"/>
        <line num="29" count="2" type="stmt"/>
        <line num="31" count="2" type="stmt"/>
        <line num="32" count="1" type="stmt"/>
        <line num="35" count="2" type="stmt"/>
        <line num="36" count="0" type="stmt"/>
        <line num="37" count="0" type="stmt"/>
        <line num="40" count="2" type="stmt"/>
      </file>
      <file name="styles.tsx" path="/Users/lucascavalcante/Desktop/dev/marvelTeste/src/components/Input/styles.tsx">
        <metrics statements="10" coveredstatements="10" conditionals="2" coveredconditionals="2" methods="6" coveredmethods="6"/>
        <line num="9" count="1" type="stmt"/>
        <line num="14" count="2" type="stmt"/>
        <line num="15" count="2" type="cond" truecount="2" falsecount="0"/>
        <line num="21" count="1" type="stmt"/>
        <line num="30" count="1" type="stmt"/>
        <line num="32" count="2" type="stmt"/>
        <line num="33" count="2" type="stmt"/>
        <line num="38" count="1" type="stmt"/>
        <line num="40" count="2" type="stmt"/>
        <line num="41" count="2" type="stmt"/>
      </file>
    </package>
    <package name="global.styles">
      <metrics statements="0" coveredstatements="0" conditionals="0" coveredconditionals="0" methods="0" coveredmethods="0"/>
      <file name="theme.ts" path="/Users/lucascavalcante/Desktop/dev/marvelTeste/src/global/styles/theme.ts">
        <metrics statements="0" coveredstatements="0" conditionals="0" coveredconditionals="0" methods="0" coveredmethods="0"/>
      </file>
    </package>
  </project>
</coverage>
