{"/Users/lucascavalcante/Desktop/dev/marvelTeste/src/components/Input/index.tsx": {"path":"/Users/lucascavalcante/Desktop/dev/marvelTeste/src/components/Input/index.tsx","statementMap":{"0":{"start":{"line":18,"column":21},"end":{"line":64,"column":1}},"1":{"start":{"line":25,"column":36},"end":{"line":25,"column":51}},"2":{"start":{"line":27,"column":34},"end":{"line":27,"column":49}},"3":{"start":{"line":29,"column":16},"end":{"line":29,"column":26}},"4":{"start":{"line":31,"column":29},"end":{"line":33,"column":3}},"5":{"start":{"line":32,"column":4},"end":{"line":32,"column":23}},"6":{"start":{"line":35,"column":26},"end":{"line":38,"column":3}},"7":{"start":{"line":36,"column":4},"end":{"line":36,"column":24}},"8":{"start":{"line":37,"column":4},"end":{"line":37,"column":24}},"9":{"start":{"line":40,"column":2},"end":{"line":63,"column":4}}},"fnMap":{"0":{"name":"(anonymous_0)","decl":{"start":{"line":18,"column":21},"end":{"line":18,"column":22}},"loc":{"start":{"line":23,"column":13},"end":{"line":64,"column":1}},"line":23},"1":{"name":"(anonymous_1)","decl":{"start":{"line":31,"column":29},"end":{"line":31,"column":30}},"loc":{"start":{"line":31,"column":35},"end":{"line":33,"column":3}},"line":31},"2":{"name":"(anonymous_2)","decl":{"start":{"line":35,"column":26},"end":{"line":35,"column":27}},"loc":{"start":{"line":35,"column":32},"end":{"line":38,"column":3}},"line":35}},"branchMap":{},"s":{"0":1,"1":2,"2":2,"3":2,"4":2,"5":1,"6":2,"7":0,"8":0,"9":2},"f":{"0":2,"1":1,"2":0},"b":{},"_coverageSchema":"1a1c01bbd47fc00a2c39e90264f33305004495a9","hash":"32cf040d184147cc8b745ecbc9ec72d55f862304"}
,"/Users/lucascavalcante/Desktop/dev/marvelTeste/src/components/Input/styles.tsx": {"path":"/Users/lucascavalcante/Desktop/dev/marvelTeste/src/components/Input/styles.tsx","statementMap":{"0":{"start":{"line":9,"column":25},"end":{"line":19,"column":1}},"1":{"start":{"line":14,"column":38},"end":{"line":14,"column":55}},"2":{"start":{"line":15,"column":32},"end":{"line":18,"column":1}},"3":{"start":{"line":21,"column":29},"end":{"line":28,"column":1}},"4":{"start":{"line":30,"column":25},"end":{"line":37,"column":1}},"5":{"start":{"line":32,"column":38},"end":{"line":32,"column":56}},"6":{"start":{"line":33,"column":27},"end":{"line":33,"column":44}},"7":{"start":{"line":38,"column":21},"end":{"line":43,"column":1}},"8":{"start":{"line":40,"column":27},"end":{"line":40,"column":47}},"9":{"start":{"line":41,"column":33},"end":{"line":41,"column":56}}},"fnMap":{"0":{"name":"(anonymous_0)","decl":{"start":{"line":14,"column":24},"end":{"line":14,"column":25}},"loc":{"start":{"line":14,"column":38},"end":{"line":14,"column":55}},"line":14},"1":{"name":"(anonymous_1)","decl":{"start":{"line":15,"column":6},"end":{"line":15,"column":7}},"loc":{"start":{"line":15,"column":32},"end":{"line":18,"column":1}},"line":15},"2":{"name":"(anonymous_2)","decl":{"start":{"line":32,"column":24},"end":{"line":32,"column":25}},"loc":{"start":{"line":32,"column":38},"end":{"line":32,"column":56}},"line":32},"3":{"name":"(anonymous_3)","decl":{"start":{"line":33,"column":13},"end":{"line":33,"column":14}},"loc":{"start":{"line":33,"column":27},"end":{"line":33,"column":44}},"line":33},"4":{"name":"(anonymous_4)","decl":{"start":{"line":40,"column":13},"end":{"line":40,"column":14}},"loc":{"start":{"line":40,"column":27},"end":{"line":40,"column":47}},"line":40},"5":{"name":"(anonymous_5)","decl":{"start":{"line":41,"column":19},"end":{"line":41,"column":20}},"loc":{"start":{"line":41,"column":33},"end":{"line":41,"column":56}},"line":41}},"branchMap":{"0":{"loc":{"start":{"line":15,"column":32},"end":{"line":18,"column":1}},"type":"binary-expr","locations":[{"start":{"line":15,"column":32},"end":{"line":15,"column":41}},{"start":{"line":15,"column":45},"end":{"line":18,"column":1}}],"line":15}},"s":{"0":1,"1":2,"2":2,"3":1,"4":1,"5":2,"6":2,"7":1,"8":2,"9":2},"f":{"0":2,"1":2,"2":2,"3":2,"4":2,"5":2},"b":{"0":[2,1]},"_coverageSchema":"1a1c01bbd47fc00a2c39e90264f33305004495a9","hash":"00741471babeb56161d3325c9c85f173161a6770"}
,"/Users/lucascavalcante/Desktop/dev/marvelTeste/src/global/styles/theme.ts": {"path":"/Users/lucascavalcante/Desktop/dev/marvelTeste/src/global/styles/theme.ts","statementMap":{},"fnMap":{},"branchMap":{},"s":{},"f":{},"b":{},"_coverageSchema":"1a1c01bbd47fc00a2c39e90264f33305004495a9","hash":"e7e7c8a986254514b4ab6f3c7cb89ddbd23e40b9"}
}
