TN:
SF:src/components/BackButton/index.tsx
FN:14,BackButton
FNF:1
FNH:1
FNDA:5,BackButton
DA:16,5
DA:18,5
LF:2
LH:2
BRDA:24,0,0,1
BRDA:24,0,1,4
BRF:2
BRH:2
end_of_record
TN:
SF:src/components/BackButton/styles.tsx
FN:4,(anonymous_0)
FNF:1
FNH:1
FNDA:5,(anonymous_0)
DA:3,2
DA:4,5
LF:2
LH:2
BRF:0
BRH:0
end_of_record
TN:
SF:src/components/ComicItem/index.tsx
FN:9,(anonymous_0)
FNF:1
FNH:1
FNDA:3,(anonymous_0)
DA:9,2
DA:10,3
LF:2
LH:2
BRF:0
BRH:0
end_of_record
TN:
SF:src/components/HeroItem/index.tsx
FN:10,(anonymous_0)
FN:11,(anonymous_1)
FN:14,(anonymous_2)
FN:18,(anonymous_3)
FNF:4
FNH:4
FNDA:2,(anonymous_0)
FNDA:2,(anonymous_1)
FNDA:1,(anonymous_2)
FNDA:2,(anonymous_3)
DA:10,2
DA:11,2
DA:12,2
DA:15,1
DA:19,2
DA:30,2
LF:6
LH:6
BRF:0
BRH:0
end_of_record
TN:
SF:src/components/Input/index.tsx
FN:18,(anonymous_0)
FN:31,(anonymous_1)
FN:35,(anonymous_2)
FNF:3
FNH:2
FNDA:5,(anonymous_0)
FNDA:1,(anonymous_1)
FNDA:0,(anonymous_2)
DA:18,2
DA:25,5
DA:27,5
DA:29,5
DA:31,5
DA:32,1
DA:35,5
DA:36,0
DA:37,0
DA:40,5
LF:10
LH:8
BRF:0
BRH:0
end_of_record
TN:
SF:src/components/Input/styles.tsx
FN:14,(anonymous_0)
FN:15,(anonymous_1)
FN:32,(anonymous_2)
FN:33,(anonymous_3)
FN:40,(anonymous_4)
FN:41,(anonymous_5)
FNF:6
FNH:6
FNDA:5,(anonymous_0)
FNDA:5,(anonymous_1)
FNDA:5,(anonymous_2)
FNDA:5,(anonymous_3)
FNDA:5,(anonymous_4)
FNDA:5,(anonymous_5)
DA:9,2
DA:14,5
DA:15,5
DA:21,2
DA:30,2
DA:32,5
DA:33,5
DA:38,2
DA:40,5
DA:41,5
LF:10
LH:10
BRDA:15,0,0,5
BRDA:15,0,1,1
BRF:2
BRH:2
end_of_record
TN:
SF:src/components/ListHeaderComponent/index.tsx
FN:12,ListHeaderComponent
FNF:1
FNH:0
FNDA:0,ListHeaderComponent
DA:15,0
LF:1
LH:0
BRDA:17,0,0,0
BRDA:17,0,1,0
BRF:2
BRH:0
end_of_record
TN:
SF:src/components/Loading/index.tsx
FN:5,Loading
FNF:1
FNH:1
FNDA:3,Loading
DA:6,3
LF:1
LH:1
BRF:0
BRH:0
end_of_record
TN:
SF:src/components/LoadingAnimation/index.tsx
FN:12,LoadingAnimation
FN:18,(anonymous_1)
FN:20,(anonymous_2)
FNF:3
FNH:3
FNDA:3,LoadingAnimation
FNDA:2,(anonymous_1)
FNDA:2,(anonymous_2)
DA:14,3
DA:16,3
DA:18,3
DA:20,2
DA:21,2
DA:22,2
DA:27,3
LF:7
LH:7
BRDA:21,0,0,2
BRDA:21,0,1,0
BRF:2
BRH:1
end_of_record
TN:
SF:src/components/LoadingAnimation/styles.tsx
FN:8,(anonymous_0)
FNF:1
FNH:1
FNDA:3,(anonymous_0)
DA:7,2
DA:8,3
DA:15,2
DA:20,2
LF:4
LH:4
BRDA:8,0,0,3
BRDA:8,0,1,3
BRF:2
BRH:2
end_of_record
TN:
SF:src/components/Logo/index.tsx
FN:11,Logo
FNF:1
FNH:1
FNDA:1,Logo
DA:12,1
LF:1
LH:1
BRF:0
BRH:0
end_of_record
TN:
SF:src/components/Logo/styles.tsx
FN:18,(anonymous_0)
FN:19,(anonymous_1)
FN:25,(anonymous_2)
FN:26,(anonymous_3)
FN:33,(anonymous_4)
FNF:5
FNH:5
FNDA:1,(anonymous_0)
FNDA:1,(anonymous_1)
FNDA:1,(anonymous_2)
FNDA:1,(anonymous_3)
FNDA:1,(anonymous_4)
DA:4,1
DA:9,1
DA:15,1
DA:18,1
DA:19,1
DA:23,1
DA:25,1
DA:26,1
DA:30,1
DA:33,1
LF:10
LH:10
BRF:0
BRH:0
end_of_record
TN:
SF:src/components/NothingFound/index.tsx
FN:15,NothingFound
FN:24,(anonymous_1)
FN:26,(anonymous_2)
FNF:3
FNH:3
FNDA:3,NothingFound
FNDA:3,(anonymous_1)
FNDA:3,(anonymous_2)
DA:22,3
DA:24,3
DA:26,3
DA:27,3
DA:28,3
DA:33,3
LF:6
LH:6
BRDA:27,0,0,3
BRDA:27,0,1,0
BRDA:46,1,0,3
BRDA:46,1,1,1
BRF:4
BRH:3
end_of_record
TN:
SF:src/components/NothingFound/styles.tsx
FN:24,(anonymous_0)
FN:32,(anonymous_1)
FN:41,(anonymous_2)
FN:42,(anonymous_3)
FNF:4
FNH:4
FNDA:3,(anonymous_0)
FNDA:1,(anonymous_1)
FNDA:1,(anonymous_2)
FNDA:1,(anonymous_3)
DA:5,2
DA:10,2
DA:16,2
DA:20,2
DA:24,3
DA:29,2
DA:32,1
DA:39,2
DA:41,1
DA:42,1
DA:45,2
LF:11
LH:11
BRF:0
BRH:0
end_of_record
TN:
SF:src/components/Pagination/index.tsx
FN:15,Pagination
FN:33,(anonymous_1)
FN:43,(anonymous_2)
FN:67,(anonymous_3)
FN:75,(anonymous_4)
FNF:5
FNH:0
FNDA:0,Pagination
FNDA:0,(anonymous_1)
FNDA:0,(anonymous_2)
FNDA:0,(anonymous_3)
FNDA:0,(anonymous_4)
DA:23,0
DA:25,0
DA:27,0
DA:28,0
DA:31,0
DA:33,0
DA:34,0
DA:35,0
DA:36,0
DA:39,0
DA:43,0
DA:44,0
DA:45,0
DA:46,0
DA:49,0
DA:53,0
DA:68,0
DA:69,0
DA:71,0
DA:76,0
DA:77,0
DA:78,0
LF:22
LH:0
BRDA:34,0,0,0
BRDA:34,0,1,0
BRDA:44,1,0,0
BRDA:44,1,1,0
BRDA:57,2,0,0
BRDA:57,2,1,0
BRDA:59,3,0,0
BRDA:59,3,1,0
BRDA:68,4,0,0
BRDA:68,4,1,0
BRDA:95,5,0,0
BRDA:95,5,1,0
BRDA:97,6,0,0
BRDA:97,6,1,0
BRF:14
BRH:0
end_of_record
TN:
SF:src/components/SeparatorLine/index.tsx
FN:7,SeparatorLine
FNF:1
FNH:0
FNDA:0,SeparatorLine
DA:8,0
LF:1
LH:0
BRF:0
BRH:0
end_of_record
TN:
SF:src/hooks/useMarvelHeroes.tsx
FN:9,useMarvelHeroes
FN:21,(anonymous_1)
FN:46,(anonymous_2)
FN:54,(anonymous_3)
FN:75,(anonymous_4)
FN:96,(anonymous_5)
FN:101,(anonymous_6)
FNF:7
FNH:6
FNDA:18,useMarvelHeroes
FNDA:2,(anonymous_1)
FNDA:1,(anonymous_2)
FNDA:1,(anonymous_3)
FNDA:2,(anonymous_4)
FNDA:0,(anonymous_5)
FNDA:6,(anonymous_6)
DA:7,3
DA:10,18
DA:11,18
DA:12,18
DA:13,18
DA:14,18
DA:15,18
DA:16,18
DA:17,18
DA:18,18
DA:21,18
DA:22,2
DA:23,2
DA:25,2
DA:31,1
DA:32,1
DA:35,1
DA:36,1
DA:37,0
DA:39,1
DA:40,1
DA:42,2
DA:46,18
DA:47,1
DA:48,0
DA:49,0
DA:51,1
DA:52,1
DA:53,1
DA:54,1
DA:56,1
DA:62,1
DA:63,1
DA:66,0
DA:67,0
DA:68,0
DA:70,0
DA:71,0
DA:75,18
DA:76,2
DA:77,2
DA:78,2
DA:83,1
DA:86,0
DA:87,0
DA:88,0
DA:90,0
DA:92,1
DA:96,18
DA:97,0
DA:98,0
DA:101,18
DA:102,6
DA:103,0
DA:107,18
LF:55
LH:40
BRDA:36,0,0,0
BRDA:36,0,1,1
BRDA:47,1,0,0
BRDA:47,1,1,1
BRDA:67,2,0,0
BRDA:67,2,1,0
BRDA:87,3,0,0
BRDA:87,3,1,0
BRDA:102,4,0,0
BRDA:102,4,1,6
BRF:10
BRH:3
end_of_record
TN:
SF:src/routes/app.stack.routes.tsx
FN:11,AppStackRoutes
FNF:1
FNH:0
FNDA:0,AppStackRoutes
DA:8,0
DA:13,0
DA:15,0
LF:3
LH:0
BRF:0
BRH:0
end_of_record
TN:
SF:src/routes/index.tsx
FN:4,Routes
FNF:1
FNH:0
FNDA:0,Routes
DA:6,0
LF:1
LH:0
BRF:0
BRH:0
end_of_record
TN:
SF:src/screens/HeroPage/index.tsx
FN:12,(anonymous_0)
FN:22,(anonymous_1)
FN:27,(anonymous_2)
FN:58,(anonymous_3)
FN:60,(anonymous_4)
FNF:5
FNH:3
FNDA:2,(anonymous_0)
FNDA:1,(anonymous_1)
FNDA:1,(anonymous_2)
FNDA:0,(anonymous_3)
FNDA:0,(anonymous_4)
DA:12,1
DA:13,2
DA:14,2
DA:20,2
DA:22,2
DA:23,1
DA:24,1
DA:27,2
DA:28,1
DA:31,2
DA:58,0
DA:60,0
LF:12
LH:10
BRDA:41,0,0,2
BRDA:41,0,1,1
BRDA:49,1,0,2
BRDA:49,1,1,1
BRDA:50,2,0,0
BRDA:50,2,1,1
BRDA:53,3,0,2
BRDA:53,3,1,0
BRDA:54,4,0,0
BRDA:54,4,1,2
BRF:10
BRH:7
end_of_record
TN:
SF:src/screens/HeroPage/styles.tsx
FN:7,(anonymous_0)
FN:31,(anonymous_1)
FN:32,(anonymous_2)
FN:38,(anonymous_3)
FN:39,(anonymous_4)
FNF:5
FNH:5
FNDA:2,(anonymous_0)
FNDA:1,(anonymous_1)
FNDA:1,(anonymous_2)
FNDA:1,(anonymous_3)
FNDA:1,(anonymous_4)
DA:5,1
DA:7,2
DA:11,1
DA:22,1
DA:28,1
DA:31,1
DA:32,1
DA:36,1
DA:38,1
DA:39,1
DA:43,1
LF:11
LH:11
BRF:0
BRH:0
end_of_record
TN:
SF:src/screens/Home/index.tsx
FN:18,Home
FN:38,(anonymous_1)
FN:39,(anonymous_2)
FN:61,(anonymous_3)
FN:71,(anonymous_4)
FN:76,(anonymous_5)
FN:77,(anonymous_6)
FN:80,(anonymous_7)
FN:81,(anonymous_8)
FN:89,(anonymous_9)
FNF:10
FNH:2
FNDA:1,Home
FNDA:1,(anonymous_1)
FNDA:0,(anonymous_2)
FNDA:0,(anonymous_3)
FNDA:0,(anonymous_4)
FNDA:0,(anonymous_5)
FNDA:0,(anonymous_6)
FNDA:0,(anonymous_7)
FNDA:0,(anonymous_8)
FNDA:0,(anonymous_9)
DA:20,1
DA:22,1
DA:36,1
DA:38,1
DA:39,1
DA:40,0
DA:45,1
DA:62,0
DA:63,0
DA:71,0
DA:76,0
DA:77,0
DA:80,0
DA:81,0
DA:89,0
LF:15
LH:6
BRDA:68,0,0,0
BRDA:68,0,1,1
BRDA:70,1,0,0
BRDA:70,1,1,0
BRDA:78,2,0,0
BRDA:78,2,1,0
BRDA:78,2,2,0
BRDA:78,2,3,0
BRDA:82,3,0,0
BRDA:82,3,1,0
BRDA:93,4,0,1
BRDA:93,4,1,1
BRDA:93,4,2,0
BRDA:93,4,3,0
BRF:14
BRH:3
end_of_record
TN:
SF:src/screens/Home/styles.tsx
FN:17,(anonymous_0)
FN:22,(anonymous_1)
FN:28,(anonymous_2)
FNF:3
FNH:3
FNDA:1,(anonymous_0)
FNDA:1,(anonymous_1)
FNDA:1,(anonymous_2)
DA:4,1
DA:10,1
DA:14,1
DA:17,1
DA:20,1
DA:22,1
DA:25,1
DA:28,1
LF:8
LH:8
BRDA:8,0,0,0
BRDA:8,0,1,1
BRF:2
BRH:1
end_of_record
TN:
SF:src/screens/Splash/index.tsx
FN:17,Splash
FN:22,(anonymous_1)
FN:40,(anonymous_2)
FN:58,(anonymous_3)
FN:62,(anonymous_4)
FN:66,(anonymous_5)
FNF:6
FNH:0
FNDA:0,Splash
FNDA:0,(anonymous_1)
FNDA:0,(anonymous_2)
FNDA:0,(anonymous_3)
FNDA:0,(anonymous_4)
FNDA:0,(anonymous_5)
DA:20,0
DA:22,0
DA:23,0
DA:40,0
DA:41,0
DA:58,0
DA:59,0
DA:62,0
DA:63,0
DA:68,0
DA:73,0
LF:11
LH:0
BRF:0
BRH:0
end_of_record
TN:
SF:src/screens/Splash/styles.tsx
FN:6,(anonymous_0)
FNF:1
FNH:0
FNDA:0,(anonymous_0)
DA:3,0
DA:6,0
LF:2
LH:0
BRF:0
BRH:0
end_of_record
